빌드 시작: 2016-12-05 오후 2:10:20
     1>2 노드의 "c:\Users\은숙\documents\visual studio 2010\Projects\14장 파일 처리 실습 문제\14장 파일 처리 실습 문제\14장 파일 처리 실습 문제.vcxproj" 프로젝트(build 대상)입니다.
     1>InitializeBuildStatus:
         "AlwaysCreate"이(가) 지정되었기 때문에 "Debug\14장 파일 처리 실습 문제.unsuccessfulbuild"을(를) 만들고 있습니다.
       ClCompile:
         C:\Program Files (x86)\Microsoft Visual Studio 10.0\VC\bin\CL.exe /c /ZI /nologo /W3 /WX- /Od /Oy- /D WIN32 /D _DEBUG /D _CONSOLE /D _UNICODE /D UNICODE /Gm /EHsc /RTC1 /MDd /GS /fp:precise /Zc:wchar_t /Zc:forScope /Fo"Debug\\" /Fd"Debug\vc100.pdb" /Gd /TC /analyze- /errorReport:prompt "문제1.c"
         문제1.c
     1>c:\users\은숙\documents\visual studio 2010\projects\14장 파일 처리 실습 문제\14장 파일 처리 실습 문제\문제1.c(5): warning C4047: '초기화 중' : 'char'의 간접 참조 수준이 'void *'과(와) 다릅니다.
     1>c:\users\은숙\documents\visual studio 2010\projects\14장 파일 처리 실습 문제\14장 파일 처리 실습 문제\문제1.c(6): warning C4996: 'fopen': This function or variable may be unsafe. Consider using fopen_s instead. To disable deprecation, use _CRT_SECURE_NO_WARNINGS. See online help for details.
                 c:\program files (x86)\microsoft visual studio 10.0\vc\include\stdio.h(234) : 'fopen' 선언을 참조하십시오.
     1>c:\users\은숙\documents\visual studio 2010\projects\14장 파일 처리 실습 문제\14장 파일 처리 실습 문제\문제1.c(7): warning C4996: 'fopen': This function or variable may be unsafe. Consider using fopen_s instead. To disable deprecation, use _CRT_SECURE_NO_WARNINGS. See online help for details.
                 c:\program files (x86)\microsoft visual studio 10.0\vc\include\stdio.h(234) : 'fopen' 선언을 참조하십시오.
     1>c:\users\은숙\documents\visual studio 2010\projects\14장 파일 처리 실습 문제\14장 파일 처리 실습 문제\문제1.c(9): warning C4996: 'fscanf': This function or variable may be unsafe. Consider using fscanf_s instead. To disable deprecation, use _CRT_SECURE_NO_WARNINGS. See online help for details.
                 c:\program files (x86)\microsoft visual studio 10.0\vc\include\stdio.h(253) : 'fscanf' 선언을 참조하십시오.
       ManifestResourceCompile:
         모든 출력이 최신 상태입니다.
       Link:
         C:\Program Files (x86)\Microsoft Visual Studio 10.0\VC\bin\link.exe /ERRORREPORT:PROMPT /OUT:"c:\users\은숙\documents\visual studio 2010\Projects\14장 파일 처리 실습 문제\Debug\14장 파일 처리 실습 문제.exe" /INCREMENTAL /NOLOGO kernel32.lib user32.lib gdi32.lib winspool.lib comdlg32.lib advapi32.lib shell32.lib ole32.lib oleaut32.lib uuid.lib odbc32.lib odbccp32.lib /MANIFEST /ManifestFile:"Debug\14장 파일 처리 실습 문제.exe.intermediate.manifest" /MANIFESTUAC:"level='asInvoker' uiAccess='false'" /DEBUG /PDB:"c:\users\은숙\documents\visual studio 2010\Projects\14장 파일 처리 실습 문제\Debug\14장 파일 처리 실습 문제.pdb" /SUBSYSTEM:CONSOLE /TLBID:1 /DYNAMICBASE /NXCOMPAT /IMPLIB:"c:\users\은숙\documents\visual studio 2010\Projects\14장 파일 처리 실습 문제\Debug\14장 파일 처리 실습 문제.lib" /MACHINE:X86 "Debug\14장 파일 처리 실습 문제.exe.embed.manifest.res"
         "Debug\문제1.obj"
       Manifest:
         C:\Program Files (x86)\Microsoft SDKs\Windows\v7.0A\bin\mt.exe /nologo /verbose /out:"Debug\14장 파일 처리 실습 문제.exe.embed.manifest" /manifest "Debug\14장 파일 처리 실습 문제.exe.intermediate.manifest"
         모든 출력이 최신 상태입니다.
       LinkEmbedManifest:
         모든 출력이 최신 상태입니다.
         14장 파일 처리 실습 문제.vcxproj -> c:\users\은숙\documents\visual studio 2010\Projects\14장 파일 처리 실습 문제\Debug\14장 파일 처리 실습 문제.exe
       FinalizeBuildStatus:
         "Debug\14장 파일 처리 실습 문제.unsuccessfulbuild" 파일을 삭제하고 있습니다.
         "Debug\14장 파일 처리 실습 문제.lastbuildstate"에 연결(touching)하고 있습니다.
     1>"c:\Users\은숙\documents\visual studio 2010\Projects\14장 파일 처리 실습 문제\14장 파일 처리 실습 문제\14장 파일 처리 실습 문제.vcxproj" 프로젝트를 빌드했습니다(build 대상).

빌드했습니다.

경과 시간: 00:00:00.65
