빌드 시작: 2016-10-15 오후 4:46:05
     1>2 노드의 "C:\Users\은숙\documents\visual studio 2010\Projects\구조체 과제\구조체 과제\구조체 과제.vcxproj" 프로젝트(build 대상)입니다.
     1>InitializeBuildStatus:
         "Debug\구조체 과제.unsuccessfulbuild"에 연결(touching)하고 있습니다.
       ClCompile:
         모든 출력이 최신 상태입니다.
       ManifestResourceCompile:
         모든 출력이 최신 상태입니다.
       Link:
         C:\Program Files (x86)\Microsoft Visual Studio 10.0\VC\bin\link.exe /ERRORREPORT:PROMPT /OUT:"C:\Users\은숙\documents\visual studio 2010\Projects\구조체 과제\Debug\구조체 과제.exe" /INCREMENTAL /NOLOGO kernel32.lib user32.lib gdi32.lib winspool.lib comdlg32.lib advapi32.lib shell32.lib ole32.lib oleaut32.lib uuid.lib odbc32.lib odbccp32.lib /MANIFEST /ManifestFile:"Debug\구조체 과제.exe.intermediate.manifest" /MANIFESTUAC:"level='asInvoker' uiAccess='false'" /DEBUG /PDB:"C:\Users\은숙\documents\visual studio 2010\Projects\구조체 과제\Debug\구조체 과제.pdb" /SUBSYSTEM:CONSOLE /TLBID:1 /DYNAMICBASE /NXCOMPAT /IMPLIB:"C:\Users\은숙\documents\visual studio 2010\Projects\구조체 과제\Debug\구조체 과제.lib" /MACHINE:X86 "Debug\구조체 과제.exe.embed.manifest.res"
         "Debug\문제 2.obj"
       Manifest:
         C:\Program Files (x86)\Microsoft SDKs\Windows\v7.0A\bin\mt.exe /nologo /verbose /out:"Debug\구조체 과제.exe.embed.manifest" /manifest "Debug\구조체 과제.exe.intermediate.manifest"
         모든 출력이 최신 상태입니다.
       LinkEmbedManifest:
         모든 출력이 최신 상태입니다.
         구조체 과제.vcxproj -> C:\Users\은숙\documents\visual studio 2010\Projects\구조체 과제\Debug\구조체 과제.exe
       FinalizeBuildStatus:
         "Debug\구조체 과제.unsuccessfulbuild" 파일을 삭제하고 있습니다.
         "Debug\구조체 과제.lastbuildstate"에 연결(touching)하고 있습니다.
     1>"C:\Users\은숙\documents\visual studio 2010\Projects\구조체 과제\구조체 과제\구조체 과제.vcxproj" 프로젝트를 빌드했습니다(build 대상).

빌드했습니다.

경과 시간: 00:00:00.55
