빌드 시작: 2016-05-11 오후 4:10:10
     1>2 노드의 "c:\Users\은숙\documents\visual studio 2010\Projects\수민이 내꺼\수민이 내꺼\수민이 내꺼.vcxproj" 프로젝트(build 대상)입니다.
     1>InitializeBuildStatus:
         "Debug\수민이 내꺼.unsuccessfulbuild"에 연결(touching)하고 있습니다.
       ClCompile:
         C:\Program Files (x86)\Microsoft Visual Studio 10.0\VC\bin\CL.exe /c /ZI /nologo /W3 /WX- /Od /Oy- /D WIN32 /D _DEBUG /D _CONSOLE /D _UNICODE /D UNICODE /Gm /EHsc /RTC1 /MDd /GS /fp:precise /Zc:wchar_t /Zc:forScope /Fo"Debug\\" /Fd"Debug\vc100.pdb" /Gd /TC /analyze- /errorReport:prompt "수미니는 내꼬야.c"
         수미니는 내꼬야.c
       ManifestResourceCompile:
         모든 출력이 최신 상태입니다.
       Link:
         C:\Program Files (x86)\Microsoft Visual Studio 10.0\VC\bin\link.exe /ERRORREPORT:PROMPT /OUT:"c:\users\은숙\documents\visual studio 2010\Projects\수민이 내꺼\Debug\수민이 내꺼.exe" /INCREMENTAL /NOLOGO kernel32.lib user32.lib gdi32.lib winspool.lib comdlg32.lib advapi32.lib shell32.lib ole32.lib oleaut32.lib uuid.lib odbc32.lib odbccp32.lib /MANIFEST /ManifestFile:"Debug\수민이 내꺼.exe.intermediate.manifest" /MANIFESTUAC:"level='asInvoker' uiAccess='false'" /DEBUG /PDB:"c:\users\은숙\documents\visual studio 2010\Projects\수민이 내꺼\Debug\수민이 내꺼.pdb" /SUBSYSTEM:CONSOLE /TLBID:1 /DYNAMICBASE /NXCOMPAT /IMPLIB:"c:\users\은숙\documents\visual studio 2010\Projects\수민이 내꺼\Debug\수민이 내꺼.lib" /MACHINE:X86 "Debug\수민이 내꺼.exe.embed.manifest.res"
         "Debug\수미니는 내꼬야.obj"
       Manifest:
         C:\Program Files (x86)\Microsoft SDKs\Windows\v7.0A\bin\mt.exe /nologo /verbose /out:"Debug\수민이 내꺼.exe.embed.manifest" /manifest "Debug\수민이 내꺼.exe.intermediate.manifest"
         모든 출력이 최신 상태입니다.
       LinkEmbedManifest:
         모든 출력이 최신 상태입니다.
         수민이 내꺼.vcxproj -> c:\users\은숙\documents\visual studio 2010\Projects\수민이 내꺼\Debug\수민이 내꺼.exe
       FinalizeBuildStatus:
         "Debug\수민이 내꺼.unsuccessfulbuild" 파일을 삭제하고 있습니다.
         "Debug\수민이 내꺼.lastbuildstate"에 연결(touching)하고 있습니다.
     1>"c:\Users\은숙\documents\visual studio 2010\Projects\수민이 내꺼\수민이 내꺼\수민이 내꺼.vcxproj" 프로젝트를 빌드했습니다(build 대상).

빌드했습니다.

경과 시간: 00:00:00.85
