빌드 시작: 2016-11-27 오후 8:01:25
     1>2 노드의 "c:\Users\은숙\documents\visual studio 2010\Projects\프로젝ㅌ 3단계\프로젝ㅌ 3단계\프로젝ㅌ 3단계.vcxproj" 프로젝트(build 대상)입니다.
     1>InitializeBuildStatus:
         "AlwaysCreate"이(가) 지정되었기 때문에 "Debug\프로젝ㅌ 3단계.unsuccessfulbuild"을(를) 만들고 있습니다.
       ClCompile:
         C:\Program Files (x86)\Microsoft Visual Studio 10.0\VC\bin\CL.exe /c /ZI /nologo /W3 /WX- /Od /Oy- /D WIN32 /D _DEBUG /D _CONSOLE /D _UNICODE /D UNICODE /Gm /EHsc /RTC1 /MDd /GS /fp:precise /Zc:wchar_t /Zc:forScope /Fo"Debug\\" /Fd"Debug\vc100.pdb" /Gd /TC /analyze- /errorReport:prompt "2단계 .c"
         2단계 .c
     1>c:\users\은숙\documents\visual studio 2010\projects\프로젝ㅌ 3단계\프로젝ㅌ 3단계\2단계 .c(10): warning C4305: '초기화 중' : 'int'에서 'char'(으)로 잘립니다.
     1>c:\users\은숙\documents\visual studio 2010\projects\프로젝ㅌ 3단계\프로젝ㅌ 3단계\2단계 .c(18): warning C4996: 'scanf': This function or variable may be unsafe. Consider using scanf_s instead. To disable deprecation, use _CRT_SECURE_NO_WARNINGS. See online help for details.
                 c:\program files (x86)\microsoft visual studio 10.0\vc\include\stdio.h(304) : 'scanf' 선언을 참조하십시오.
     1>c:\users\은숙\documents\visual studio 2010\projects\프로젝ㅌ 3단계\프로젝ㅌ 3단계\2단계 .c(20): warning C4996: 'strcpy': This function or variable may be unsafe. Consider using strcpy_s instead. To disable deprecation, use _CRT_SECURE_NO_WARNINGS. See online help for details.
                 c:\program files (x86)\microsoft visual studio 10.0\vc\include\string.h(105) : 'strcpy' 선언을 참조하십시오.
     1>c:\users\은숙\documents\visual studio 2010\projects\프로젝ㅌ 3단계\프로젝ㅌ 3단계\2단계 .c(22): warning C4996: 'scanf': This function or variable may be unsafe. Consider using scanf_s instead. To disable deprecation, use _CRT_SECURE_NO_WARNINGS. See online help for details.
                 c:\program files (x86)\microsoft visual studio 10.0\vc\include\stdio.h(304) : 'scanf' 선언을 참조하십시오.
     1>c:\users\은숙\documents\visual studio 2010\projects\프로젝ㅌ 3단계\프로젝ㅌ 3단계\2단계 .c(24): warning C4996: 'strcpy': This function or variable may be unsafe. Consider using strcpy_s instead. To disable deprecation, use _CRT_SECURE_NO_WARNINGS. See online help for details.
                 c:\program files (x86)\microsoft visual studio 10.0\vc\include\string.h(105) : 'strcpy' 선언을 참조하십시오.
     1>c:\users\은숙\documents\visual studio 2010\projects\프로젝ㅌ 3단계\프로젝ㅌ 3단계\2단계 .c(26): warning C4996: 'scanf': This function or variable may be unsafe. Consider using scanf_s instead. To disable deprecation, use _CRT_SECURE_NO_WARNINGS. See online help for details.
                 c:\program files (x86)\microsoft visual studio 10.0\vc\include\stdio.h(304) : 'scanf' 선언을 참조하십시오.
     1>c:\users\은숙\documents\visual studio 2010\projects\프로젝ㅌ 3단계\프로젝ㅌ 3단계\2단계 .c(28): warning C4996: 'strcpy': This function or variable may be unsafe. Consider using strcpy_s instead. To disable deprecation, use _CRT_SECURE_NO_WARNINGS. See online help for details.
                 c:\program files (x86)\microsoft visual studio 10.0\vc\include\string.h(105) : 'strcpy' 선언을 참조하십시오.
     1>c:\users\은숙\documents\visual studio 2010\projects\프로젝ㅌ 3단계\프로젝ㅌ 3단계\2단계 .c(64): warning C4305: '초기화 중' : 'int'에서 'char'(으)로 잘립니다.
     1>c:\users\은숙\documents\visual studio 2010\projects\프로젝ㅌ 3단계\프로젝ㅌ 3단계\2단계 .c(72): warning C4996: 'scanf': This function or variable may be unsafe. Consider using scanf_s instead. To disable deprecation, use _CRT_SECURE_NO_WARNINGS. See online help for details.
                 c:\program files (x86)\microsoft visual studio 10.0\vc\include\stdio.h(304) : 'scanf' 선언을 참조하십시오.
     1>c:\users\은숙\documents\visual studio 2010\projects\프로젝ㅌ 3단계\프로젝ㅌ 3단계\2단계 .c(63): warning C4101: 'sav' :참조되지 않은 지역 변수입니다.
     1>c:\users\은숙\documents\visual studio 2010\projects\프로젝ㅌ 3단계\프로젝ㅌ 3단계\2단계 .c(105): warning C4996: 'scanf': This function or variable may be unsafe. Consider using scanf_s instead. To disable deprecation, use _CRT_SECURE_NO_WARNINGS. See online help for details.
                 c:\program files (x86)\microsoft visual studio 10.0\vc\include\stdio.h(304) : 'scanf' 선언을 참조하십시오.
     1>c:\users\은숙\documents\visual studio 2010\projects\프로젝ㅌ 3단계\프로젝ㅌ 3단계\2단계 .c(128): warning C4047: '초기화 중' : 'char'의 간접 참조 수준이 'void *'과(와) 다릅니다.
     1>c:\users\은숙\documents\visual studio 2010\projects\프로젝ㅌ 3단계\프로젝ㅌ 3단계\2단계 .c(131): warning C4996: 'fopen': This function or variable may be unsafe. Consider using fopen_s instead. To disable deprecation, use _CRT_SECURE_NO_WARNINGS. See online help for details.
                 c:\program files (x86)\microsoft visual studio 10.0\vc\include\stdio.h(234) : 'fopen' 선언을 참조하십시오.
     1>c:\users\은숙\documents\visual studio 2010\projects\프로젝ㅌ 3단계\프로젝ㅌ 3단계\2단계 .c(135): warning C4996: 'fscanf': This function or variable may be unsafe. Consider using fscanf_s instead. To disable deprecation, use _CRT_SECURE_NO_WARNINGS. See online help for details.
                 c:\program files (x86)\microsoft visual studio 10.0\vc\include\stdio.h(253) : 'fscanf' 선언을 참조하십시오.
     1>c:\users\은숙\documents\visual studio 2010\projects\프로젝ㅌ 3단계\프로젝ㅌ 3단계\2단계 .c(139): warning C4996: 'strcpy': This function or variable may be unsafe. Consider using strcpy_s instead. To disable deprecation, use _CRT_SECURE_NO_WARNINGS. See online help for details.
                 c:\program files (x86)\microsoft visual studio 10.0\vc\include\string.h(105) : 'strcpy' 선언을 참조하십시오.
     1>c:\users\은숙\documents\visual studio 2010\projects\프로젝ㅌ 3단계\프로젝ㅌ 3단계\2단계 .c(141): warning C4996: 'strcpy': This function or variable may be unsafe. Consider using strcpy_s instead. To disable deprecation, use _CRT_SECURE_NO_WARNINGS. See online help for details.
                 c:\program files (x86)\microsoft visual studio 10.0\vc\include\string.h(105) : 'strcpy' 선언을 참조하십시오.
     1>c:\users\은숙\documents\visual studio 2010\projects\프로젝ㅌ 3단계\프로젝ㅌ 3단계\2단계 .c(143): warning C4996: 'strcpy': This function or variable may be unsafe. Consider using strcpy_s instead. To disable deprecation, use _CRT_SECURE_NO_WARNINGS. See online help for details.
                 c:\program files (x86)\microsoft visual studio 10.0\vc\include\string.h(105) : 'strcpy' 선언을 참조하십시오.
     1>c:\users\은숙\documents\visual studio 2010\projects\프로젝ㅌ 3단계\프로젝ㅌ 3단계\2단계 .c(172): warning C4996: 'fopen': This function or variable may be unsafe. Consider using fopen_s instead. To disable deprecation, use _CRT_SECURE_NO_WARNINGS. See online help for details.
                 c:\program files (x86)\microsoft visual studio 10.0\vc\include\stdio.h(234) : 'fopen' 선언을 참조하십시오.
     1>c:\users\은숙\documents\visual studio 2010\projects\프로젝ㅌ 3단계\프로젝ㅌ 3단계\2단계 .c(197): warning C4996: 'scanf': This function or variable may be unsafe. Consider using scanf_s instead. To disable deprecation, use _CRT_SECURE_NO_WARNINGS. See online help for details.
                 c:\program files (x86)\microsoft visual studio 10.0\vc\include\stdio.h(304) : 'scanf' 선언을 참조하십시오.
     1>c:\users\은숙\documents\visual studio 2010\projects\프로젝ㅌ 3단계\프로젝ㅌ 3단계\2단계 .c(203): warning C4996: 'scanf': This function or variable may be unsafe. Consider using scanf_s instead. To disable deprecation, use _CRT_SECURE_NO_WARNINGS. See online help for details.
                 c:\program files (x86)\microsoft visual studio 10.0\vc\include\stdio.h(304) : 'scanf' 선언을 참조하십시오.
     1>c:\users\은숙\documents\visual studio 2010\projects\프로젝ㅌ 3단계\프로젝ㅌ 3단계\2단계 .c(192): warning C4101: 'i' :참조되지 않은 지역 변수입니다.
       ManifestResourceCompile:
         모든 출력이 최신 상태입니다.
       Link:
         C:\Program Files (x86)\Microsoft Visual Studio 10.0\VC\bin\link.exe /ERRORREPORT:PROMPT /OUT:"c:\users\은숙\documents\visual studio 2010\Projects\프로젝ㅌ 3단계\Debug\프로젝ㅌ 3단계.exe" /INCREMENTAL /NOLOGO kernel32.lib user32.lib gdi32.lib winspool.lib comdlg32.lib advapi32.lib shell32.lib ole32.lib oleaut32.lib uuid.lib odbc32.lib odbccp32.lib /MANIFEST /ManifestFile:"Debug\프로젝ㅌ 3단계.exe.intermediate.manifest" /MANIFESTUAC:"level='asInvoker' uiAccess='false'" /DEBUG /PDB:"c:\users\은숙\documents\visual studio 2010\Projects\프로젝ㅌ 3단계\Debug\프로젝ㅌ 3단계.pdb" /SUBSYSTEM:CONSOLE /TLBID:1 /DYNAMICBASE /NXCOMPAT /IMPLIB:"c:\users\은숙\documents\visual studio 2010\Projects\프로젝ㅌ 3단계\Debug\프로젝ㅌ 3단계.lib" /MACHINE:X86 "Debug\프로젝ㅌ 3단계.exe.embed.manifest.res"
         "Debug\2단계 .obj"
       Manifest:
         C:\Program Files (x86)\Microsoft SDKs\Windows\v7.0A\bin\mt.exe /nologo /verbose /out:"Debug\프로젝ㅌ 3단계.exe.embed.manifest" /manifest "Debug\프로젝ㅌ 3단계.exe.intermediate.manifest"
         모든 출력이 최신 상태입니다.
       LinkEmbedManifest:
         모든 출력이 최신 상태입니다.
         프로젝ㅌ 3단계.vcxproj -> c:\users\은숙\documents\visual studio 2010\Projects\프로젝ㅌ 3단계\Debug\프로젝ㅌ 3단계.exe
       FinalizeBuildStatus:
         "Debug\프로젝ㅌ 3단계.unsuccessfulbuild" 파일을 삭제하고 있습니다.
         "Debug\프로젝ㅌ 3단계.lastbuildstate"에 연결(touching)하고 있습니다.
     1>"c:\Users\은숙\documents\visual studio 2010\Projects\프로젝ㅌ 3단계\프로젝ㅌ 3단계\프로젝ㅌ 3단계.vcxproj" 프로젝트를 빌드했습니다(build 대상).

빌드했습니다.

경과 시간: 00:00:01.57
