빌드 시작: 2016-09-26 오후 7:48:09
     1>2 노드의 "C:\Users\은숙\Documents\Visual Studio 2010\Projects\문자열 실습문제 2일차\문자열 실습문제 2일차\문자열 실습문제 2일차.vcxproj" 프로젝트(build 대상)입니다.
     1>InitializeBuildStatus:
         "Debug\문자열 실습문제 2일차.unsuccessfulbuild"에 연결(touching)하고 있습니다.
       ClCompile:
         C:\Program Files (x86)\Microsoft Visual Studio 10.0\VC\bin\CL.exe /c /ZI /nologo /W3 /WX- /Od /Oy- /D WIN32 /D _DEBUG /D _CONSOLE /D _UNICODE /D UNICODE /Gm /EHsc /RTC1 /MDd /GS /fp:precise /Zc:wchar_t /Zc:forScope /Fo"Debug\\" /Fd"Debug\vc100.pdb" /Gd /TC /analyze- /errorReport:prompt "문제 11.c"
         문제 11.c
     1>c:\users\은숙\documents\visual studio 2010\projects\문자열 실습문제 2일차\문자열 실습문제 2일차\문제 11.c(5): warning C4047: '초기화 중' : 'char'의 간접 참조 수준이 'void *'과(와) 다릅니다.
     1>c:\users\은숙\documents\visual studio 2010\projects\문자열 실습문제 2일차\문자열 실습문제 2일차\문제 11.c(7): warning C4996: 'scanf': This function or variable may be unsafe. Consider using scanf_s instead. To disable deprecation, use _CRT_SECURE_NO_WARNINGS. See online help for details.
                 c:\program files (x86)\microsoft visual studio 10.0\vc\include\stdio.h(304) : 'scanf' 선언을 참조하십시오.
     1>c:\users\은숙\documents\visual studio 2010\projects\문자열 실습문제 2일차\문자열 실습문제 2일차\문제 11.c(33): warning C4996: 'strcat': This function or variable may be unsafe. Consider using strcat_s instead. To disable deprecation, use _CRT_SECURE_NO_WARNINGS. See online help for details.
                 c:\program files (x86)\microsoft visual studio 10.0\vc\include\string.h(110) : 'strcat' 선언을 참조하십시오.
     1>c:\users\은숙\documents\visual studio 2010\projects\문자열 실습문제 2일차\문자열 실습문제 2일차\문제 11.c(34): warning C4996: 'strcat': This function or variable may be unsafe. Consider using strcat_s instead. To disable deprecation, use _CRT_SECURE_NO_WARNINGS. See online help for details.
                 c:\program files (x86)\microsoft visual studio 10.0\vc\include\string.h(110) : 'strcat' 선언을 참조하십시오.
     1>c:\users\은숙\documents\visual studio 2010\projects\문자열 실습문제 2일차\문자열 실습문제 2일차\문제 11.c(35): warning C4996: 'strcat': This function or variable may be unsafe. Consider using strcat_s instead. To disable deprecation, use _CRT_SECURE_NO_WARNINGS. See online help for details.
                 c:\program files (x86)\microsoft visual studio 10.0\vc\include\string.h(110) : 'strcat' 선언을 참조하십시오.
     1>c:\users\은숙\documents\visual studio 2010\projects\문자열 실습문제 2일차\문자열 실습문제 2일차\문제 11.c(36): warning C4996: 'strcat': This function or variable may be unsafe. Consider using strcat_s instead. To disable deprecation, use _CRT_SECURE_NO_WARNINGS. See online help for details.
                 c:\program files (x86)\microsoft visual studio 10.0\vc\include\string.h(110) : 'strcat' 선언을 참조하십시오.
     1>c:\users\은숙\documents\visual studio 2010\projects\문자열 실습문제 2일차\문자열 실습문제 2일차\문제 11.c(37): warning C4996: 'strcat': This function or variable may be unsafe. Consider using strcat_s instead. To disable deprecation, use _CRT_SECURE_NO_WARNINGS. See online help for details.
                 c:\program files (x86)\microsoft visual studio 10.0\vc\include\string.h(110) : 'strcat' 선언을 참조하십시오.
     1>c:\users\은숙\documents\visual studio 2010\projects\문자열 실습문제 2일차\문자열 실습문제 2일차\문제 11.c(38): warning C4996: 'strcat': This function or variable may be unsafe. Consider using strcat_s instead. To disable deprecation, use _CRT_SECURE_NO_WARNINGS. See online help for details.
                 c:\program files (x86)\microsoft visual studio 10.0\vc\include\string.h(110) : 'strcat' 선언을 참조하십시오.
     1>c:\users\은숙\documents\visual studio 2010\projects\문자열 실습문제 2일차\문자열 실습문제 2일차\문제 11.c(39): warning C4996: 'strcat': This function or variable may be unsafe. Consider using strcat_s instead. To disable deprecation, use _CRT_SECURE_NO_WARNINGS. See online help for details.
                 c:\program files (x86)\microsoft visual studio 10.0\vc\include\string.h(110) : 'strcat' 선언을 참조하십시오.
     1>c:\users\은숙\documents\visual studio 2010\projects\문자열 실습문제 2일차\문자열 실습문제 2일차\문제 11.c(40): warning C4996: 'strcat': This function or variable may be unsafe. Consider using strcat_s instead. To disable deprecation, use _CRT_SECURE_NO_WARNINGS. See online help for details.
                 c:\program files (x86)\microsoft visual studio 10.0\vc\include\string.h(110) : 'strcat' 선언을 참조하십시오.
     1>c:\users\은숙\documents\visual studio 2010\projects\문자열 실습문제 2일차\문자열 실습문제 2일차\문제 11.c(41): warning C4996: 'strcat': This function or variable may be unsafe. Consider using strcat_s instead. To disable deprecation, use _CRT_SECURE_NO_WARNINGS. See online help for details.
                 c:\program files (x86)\microsoft visual studio 10.0\vc\include\string.h(110) : 'strcat' 선언을 참조하십시오.
     1>c:\users\은숙\documents\visual studio 2010\projects\문자열 실습문제 2일차\문자열 실습문제 2일차\문제 11.c(44): warning C4996: 'strcat': This function or variable may be unsafe. Consider using strcat_s instead. To disable deprecation, use _CRT_SECURE_NO_WARNINGS. See online help for details.
                 c:\program files (x86)\microsoft visual studio 10.0\vc\include\string.h(110) : 'strcat' 선언을 참조하십시오.
     1>c:\users\은숙\documents\visual studio 2010\projects\문자열 실습문제 2일차\문자열 실습문제 2일차\문제 11.c(49): warning C4996: 'strcat': This function or variable may be unsafe. Consider using strcat_s instead. To disable deprecation, use _CRT_SECURE_NO_WARNINGS. See online help for details.
                 c:\program files (x86)\microsoft visual studio 10.0\vc\include\string.h(110) : 'strcat' 선언을 참조하십시오.
     1>c:\users\은숙\documents\visual studio 2010\projects\문자열 실습문제 2일차\문자열 실습문제 2일차\문제 11.c(53): warning C4996: 'strcat': This function or variable may be unsafe. Consider using strcat_s instead. To disable deprecation, use _CRT_SECURE_NO_WARNINGS. See online help for details.
                 c:\program files (x86)\microsoft visual studio 10.0\vc\include\string.h(110) : 'strcat' 선언을 참조하십시오.
       ManifestResourceCompile:
         모든 출력이 최신 상태입니다.
       Link:
         C:\Program Files (x86)\Microsoft Visual Studio 10.0\VC\bin\link.exe /ERRORREPORT:PROMPT /OUT:"C:\Users\은숙\Documents\Visual Studio 2010\Projects\문자열 실습문제 2일차\Debug\문자열 실습문제 2일차.exe" /INCREMENTAL /NOLOGO kernel32.lib user32.lib gdi32.lib winspool.lib comdlg32.lib advapi32.lib shell32.lib ole32.lib oleaut32.lib uuid.lib odbc32.lib odbccp32.lib /MANIFEST /ManifestFile:"Debug\문자열 실습문제 2일차.exe.intermediate.manifest" /MANIFESTUAC:"level='asInvoker' uiAccess='false'" /DEBUG /PDB:"C:\Users\은숙\Documents\Visual Studio 2010\Projects\문자열 실습문제 2일차\Debug\문자열 실습문제 2일차.pdb" /SUBSYSTEM:CONSOLE /TLBID:1 /DYNAMICBASE /NXCOMPAT /IMPLIB:"C:\Users\은숙\Documents\Visual Studio 2010\Projects\문자열 실습문제 2일차\Debug\문자열 실습문제 2일차.lib" /MACHINE:X86 "Debug\문자열 실습문제 2일차.exe.embed.manifest.res"
         "Debug\문제 11.obj"
       Manifest:
         C:\Program Files (x86)\Microsoft SDKs\Windows\v7.0A\bin\mt.exe /nologo /verbose /out:"Debug\문자열 실습문제 2일차.exe.embed.manifest" /manifest "Debug\문자열 실습문제 2일차.exe.intermediate.manifest"
         모든 출력이 최신 상태입니다.
       LinkEmbedManifest:
         모든 출력이 최신 상태입니다.
         문자열 실습문제 2일차.vcxproj -> C:\Users\은숙\Documents\Visual Studio 2010\Projects\문자열 실습문제 2일차\Debug\문자열 실습문제 2일차.exe
       FinalizeBuildStatus:
         "Debug\문자열 실습문제 2일차.unsuccessfulbuild" 파일을 삭제하고 있습니다.
         "Debug\문자열 실습문제 2일차.lastbuildstate"에 연결(touching)하고 있습니다.
     1>"C:\Users\은숙\Documents\Visual Studio 2010\Projects\문자열 실습문제 2일차\문자열 실습문제 2일차\문자열 실습문제 2일차.vcxproj" 프로젝트를 빌드했습니다(build 대상).

빌드했습니다.

경과 시간: 00:00:00.68
