빌드 시작: 2016-04-10 오후 8:53:52
     1>2 노드의 "c:\Users\은숙\documents\visual studio 2010\Projects\조건문 과제!\조건문 과제!\조건문 과제!.vcxproj" 프로젝트(build 대상)입니다.
     1>InitializeBuildStatus:
         "AlwaysCreate"이(가) 지정되었기 때문에 "Debug\조건문 과제!.unsuccessfulbuild"을(를) 만들고 있습니다.
       ClCompile:
         C:\Program Files (x86)\Microsoft Visual Studio 10.0\VC\bin\CL.exe /c /ZI /nologo /W3 /WX- /Od /Oy- /D WIN32 /D _DEBUG /D _CONSOLE /D _UNICODE /D UNICODE /Gm /EHsc /RTC1 /MDd /GS /fp:precise /Zc:wchar_t /Zc:forScope /Fo"Debug\\" /Fd"Debug\vc100.pdb" /Gd /TC /analyze- /errorReport:prompt "take home.c"
         take home.c
     1>c:\users\은숙\documents\visual studio 2010\projects\조건문 과제!\조건문 과제!\take home.c(9): warning C4996: 'scanf': This function or variable may be unsafe. Consider using scanf_s instead. To disable deprecation, use _CRT_SECURE_NO_WARNINGS. See online help for details.
                 c:\program files (x86)\microsoft visual studio 10.0\vc\include\stdio.h(304) : 'scanf' 선언을 참조하십시오.
     1>c:\users\은숙\documents\visual studio 2010\projects\조건문 과제!\조건문 과제!\take home.c(38): warning C4996: 'scanf': This function or variable may be unsafe. Consider using scanf_s instead. To disable deprecation, use _CRT_SECURE_NO_WARNINGS. See online help for details.
                 c:\program files (x86)\microsoft visual studio 10.0\vc\include\stdio.h(304) : 'scanf' 선언을 참조하십시오.
     1>c:\users\은숙\documents\visual studio 2010\projects\조건문 과제!\조건문 과제!\take home.c(5): warning C4716: 'main1' : 값을 반환해야 합니다.
     1>c:\users\은숙\documents\visual studio 2010\projects\조건문 과제!\조건문 과제!\take home.c(22): warning C4716: 'main2' : 값을 반환해야 합니다.
     1>c:\users\은숙\documents\visual studio 2010\projects\조건문 과제!\조건문 과제!\take home.c(26): warning C4716: 'main3' : 값을 반환해야 합니다.
     1>c:\users\은숙\documents\visual studio 2010\projects\조건문 과제!\조건문 과제!\take home.c(30): warning C4716: 'main4' : 값을 반환해야 합니다.
     1>c:\users\은숙\documents\visual studio 2010\projects\조건문 과제!\조건문 과제!\take home.c(34): warning C4716: 'main5' : 값을 반환해야 합니다.
       ManifestResourceCompile:
         모든 출력이 최신 상태입니다.
       Link:
         C:\Program Files (x86)\Microsoft Visual Studio 10.0\VC\bin\link.exe /ERRORREPORT:PROMPT /OUT:"c:\users\은숙\documents\visual studio 2010\Projects\조건문 과제!\Debug\조건문 과제!.exe" /INCREMENTAL /NOLOGO kernel32.lib user32.lib gdi32.lib winspool.lib comdlg32.lib advapi32.lib shell32.lib ole32.lib oleaut32.lib uuid.lib odbc32.lib odbccp32.lib /MANIFEST /ManifestFile:"Debug\조건문 과제!.exe.intermediate.manifest" /MANIFESTUAC:"level='asInvoker' uiAccess='false'" /DEBUG /PDB:"c:\users\은숙\documents\visual studio 2010\Projects\조건문 과제!\Debug\조건문 과제!.pdb" /SUBSYSTEM:CONSOLE /TLBID:1 /DYNAMICBASE /NXCOMPAT /IMPLIB:"c:\users\은숙\documents\visual studio 2010\Projects\조건문 과제!\Debug\조건문 과제!.lib" /MACHINE:X86 "Debug\조건문 과제!.exe.embed.manifest.res"
         "Debug\take home.obj"
         LINK : c:\users\은숙\documents\visual studio 2010\Projects\조건문 과제!\Debug\조건문 과제!.exe을(를) 찾을 수 없거나 마지막 증분 링크에 의해 빌드되지 않았습니다. 전체 링크를 수행하고 있습니다.
       Manifest:
         C:\Program Files (x86)\Microsoft SDKs\Windows\v7.0A\bin\mt.exe /nologo /verbose /out:"Debug\조건문 과제!.exe.embed.manifest" /manifest "Debug\조건문 과제!.exe.intermediate.manifest"
         모든 출력이 최신 상태입니다.
       LinkEmbedManifest:
         모든 출력이 최신 상태입니다.
         조건문 과제!.vcxproj -> c:\users\은숙\documents\visual studio 2010\Projects\조건문 과제!\Debug\조건문 과제!.exe
       FinalizeBuildStatus:
         "Debug\조건문 과제!.unsuccessfulbuild" 파일을 삭제하고 있습니다.
         "Debug\조건문 과제!.lastbuildstate"에 연결(touching)하고 있습니다.
     1>"c:\Users\은숙\documents\visual studio 2010\Projects\조건문 과제!\조건문 과제!\조건문 과제!.vcxproj" 프로젝트를 빌드했습니다(build 대상).

빌드했습니다.

경과 시간: 00:00:01.12
