  문제2.c
c:\users\은숙\documents\visual studio 2015\projects\배고파\배고파\문제2.c(41): warning C4047: '함수': 'int'의 간접 참조 수준이 'void *'과(와) 다릅니다.
c:\users\은숙\documents\visual studio 2015\projects\배고파\배고파\문제2.c(41): warning C4024: 'get_node': 형식 및 실제 매개 변수 1의 형식이 서로 다릅니다.
c:\users\은숙\documents\visual studio 2015\projects\배고파\배고파\문제2.c(66): warning C4047: '함수': 'int'의 간접 참조 수준이 'void *'과(와) 다릅니다.
c:\users\은숙\documents\visual studio 2015\projects\배고파\배고파\문제2.c(66): warning C4024: 'get_node': 형식 및 실제 매개 변수 1의 형식이 서로 다릅니다.
c:\users\은숙\documents\visual studio 2015\projects\배고파\배고파\문제2.c(71): warning C4133: '==': 'ListType *'과(와) 'ListNode *' 사이의 형식이 호환되지 않습니다.
c:\users\은숙\documents\visual studio 2015\projects\배고파\배고파\문제2.c(75): warning C4133: '==': 'ListType *'과(와) 'ListNode *' 사이의 형식이 호환되지 않습니다.
c:\users\은숙\documents\visual studio 2015\projects\배고파\배고파\문제2.c(86): warning C4133: '==': 'ListType *'과(와) 'ListNode *' 사이의 형식이 호환되지 않습니다.
c:\users\은숙\documents\visual studio 2015\projects\배고파\배고파\문제2.c(90): warning C4133: '==': 'ListType *'과(와) 'ListNode *' 사이의 형식이 호환되지 않습니다.
c:\users\은숙\documents\visual studio 2015\projects\배고파\배고파\문제2.c(101): warning C4133: '==': 'ListType *'과(와) 'ListNode *' 사이의 형식이 호환되지 않습니다.
c:\users\은숙\documents\visual studio 2015\projects\배고파\배고파\문제2.c(105): warning C4133: '==': 'ListType *'과(와) 'ListNode *' 사이의 형식이 호환되지 않습니다.
c:\users\은숙\documents\visual studio 2015\projects\배고파\배고파\문제2.c(64): warning C4133: '초기화 중': 'ListNode *'과(와) 'ListType *' 사이의 형식이 호환되지 않습니다.
c:\users\은숙\documents\visual studio 2015\projects\배고파\배고파\문제2.c(133): warning C4047: '함수': 'int'의 간접 참조 수준이 'void *'과(와) 다릅니다.
c:\users\은숙\documents\visual studio 2015\projects\배고파\배고파\문제2.c(133): warning C4024: 'get_node': 형식 및 실제 매개 변수 1의 형식이 서로 다릅니다.
c:\users\은숙\documents\visual studio 2015\projects\배고파\배고파\문제2.c(134): warning C4047: '함수': 'int'의 간접 참조 수준이 'void *'과(와) 다릅니다.
c:\users\은숙\documents\visual studio 2015\projects\배고파\배고파\문제2.c(134): warning C4024: 'get_node': 형식 및 실제 매개 변수 1의 형식이 서로 다릅니다.
c:\users\은숙\documents\visual studio 2015\projects\배고파\배고파\문제2.c(136): warning C4996: 'scanf': This function or variable may be unsafe. Consider using scanf_s instead. To disable deprecation, use _CRT_SECURE_NO_WARNINGS. See online help for details.
  c:\program files (x86)\windows kits\10\include\10.0.10240.0\ucrt\stdio.h(1270): note: 'scanf' 선언을 참조하십시오.
c:\users\은숙\documents\visual studio 2015\projects\배고파\배고파\문제2.c(138): warning C4996: 'scanf': This function or variable may be unsafe. Consider using scanf_s instead. To disable deprecation, use _CRT_SECURE_NO_WARNINGS. See online help for details.
  c:\program files (x86)\windows kits\10\include\10.0.10240.0\ucrt\stdio.h(1270): note: 'scanf' 선언을 참조하십시오.
c:\users\은숙\documents\visual studio 2015\projects\배고파\배고파\문제2.c(142): warning C4996: 'scanf': This function or variable may be unsafe. Consider using scanf_s instead. To disable deprecation, use _CRT_SECURE_NO_WARNINGS. See online help for details.
  c:\program files (x86)\windows kits\10\include\10.0.10240.0\ucrt\stdio.h(1270): note: 'scanf' 선언을 참조하십시오.
c:\users\은숙\documents\visual studio 2015\projects\배고파\배고파\문제2.c(144): warning C4996: 'scanf': This function or variable may be unsafe. Consider using scanf_s instead. To disable deprecation, use _CRT_SECURE_NO_WARNINGS. See online help for details.
  c:\program files (x86)\windows kits\10\include\10.0.10240.0\ucrt\stdio.h(1270): note: 'scanf' 선언을 참조하십시오.
c:\users\은숙\documents\visual studio 2015\projects\배고파\배고파\문제2.c(112): warning C4715: 'uni': 모든 제어 경로에서 값을 반환하지는 않습니다.
  배고파.vcxproj -> c:\users\은숙\documents\visual studio 2015\Projects\배고파\Debug\배고파.exe
  배고파.vcxproj -> c:\users\은숙\documents\visual studio 2015\Projects\배고파\Debug\배고파.pdb (Full PDB)
