  문제3.c
c:\users\은숙\documents\visual studio 2015\projects\과제4\과제4\문제3.c(17): warning C4047: '=': 'int'의 간접 참조 수준이 'void *'과(와) 다릅니다.
c:\users\은숙\documents\visual studio 2015\projects\과제4\과제4\문제3.c(24): warning C4047: '=': 'int'의 간접 참조 수준이 'void *'과(와) 다릅니다.
c:\users\은숙\documents\visual studio 2015\projects\과제4\과제4\문제3.c(70): warning C4033: 'heightUpdateAndBalanceCheck'은(는) 값을 반환해야 합니다.
c:\users\은숙\documents\visual studio 2015\projects\과제4\과제4\문제3.c(227): warning C4047: 'return': 'int'의 간접 참조 수준이 'TreeNode *'과(와) 다릅니다.
c:\users\은숙\documents\visual studio 2015\projects\과제4\과제4\문제3.c(266): warning C4033: 'removeElement'은(는) 값을 반환해야 합니다.
c:\users\은숙\documents\visual studio 2015\projects\과제4\과제4\문제3.c(272): warning C4047: '=': 'TreeNode *'의 간접 참조 수준이 'int'과(와) 다릅니다.
c:\users\은숙\documents\visual studio 2015\projects\과제4\과제4\문제3.c(277): warning C4047: '=': 'TreeNode *'의 간접 참조 수준이 'int'과(와) 다릅니다.
c:\users\은숙\documents\visual studio 2015\projects\과제4\과제4\문제3.c(318): warning C4996: 'scanf': This function or variable may be unsafe. Consider using scanf_s instead. To disable deprecation, use _CRT_SECURE_NO_WARNINGS. See online help for details.
  c:\program files (x86)\windows kits\10\include\10.0.10240.0\ucrt\stdio.h(1270): note: 'scanf' 선언을 참조하십시오.
c:\users\은숙\documents\visual studio 2015\projects\과제4\과제4\문제3.c(321): warning C4996: 'scanf': This function or variable may be unsafe. Consider using scanf_s instead. To disable deprecation, use _CRT_SECURE_NO_WARNINGS. See online help for details.
  c:\program files (x86)\windows kits\10\include\10.0.10240.0\ucrt\stdio.h(1270): note: 'scanf' 선언을 참조하십시오.
c:\users\은숙\documents\visual studio 2015\projects\과제4\과제4\문제3.c(322): warning C4996: 'scanf': This function or variable may be unsafe. Consider using scanf_s instead. To disable deprecation, use _CRT_SECURE_NO_WARNINGS. See online help for details.
  c:\program files (x86)\windows kits\10\include\10.0.10240.0\ucrt\stdio.h(1270): note: 'scanf' 선언을 참조하십시오.
c:\users\은숙\documents\visual studio 2015\projects\과제4\과제4\문제3.c(323): warning C4996: 'scanf': This function or variable may be unsafe. Consider using scanf_s instead. To disable deprecation, use _CRT_SECURE_NO_WARNINGS. See online help for details.
  c:\program files (x86)\windows kits\10\include\10.0.10240.0\ucrt\stdio.h(1270): note: 'scanf' 선언을 참조하십시오.
c:\users\은숙\documents\visual studio 2015\projects\과제4\과제4\문제3.c(79): warning C4715: 'heightUpdateAndBalanceCheck': 모든 제어 경로에서 값을 반환하지는 않습니다.
c:\users\은숙\documents\visual studio 2015\projects\과제4\과제4\문제3.c(285): warning C4715: 'removeElement': 모든 제어 경로에서 값을 반환하지는 않습니다.
c:\users\은숙\documents\visual studio 2015\projects\과제4\과제4\문제3.c(294): warning C4715: 'findElement': 모든 제어 경로에서 값을 반환하지는 않습니다.
  과제4.vcxproj -> c:\users\은숙\documents\visual studio 2015\Projects\과제4\Debug\과제4.exe
  과제4.vcxproj -> c:\users\은숙\documents\visual studio 2015\Projects\과제4\Debug\과제4.pdb (Full PDB)
