빌드 시작: 2016-12-05 오전 1:54:42
     1>2 노드의 "c:\Users\은숙\documents\visual studio 2010\Projects\13장 실습\13장 실습\13장 실습.vcxproj" 프로젝트(build 대상)입니다.
     1>InitializeBuildStatus:
         "AlwaysCreate"이(가) 지정되었기 때문에 "Debug\13장 실습.unsuccessfulbuild"을(를) 만들고 있습니다.
       ClCompile:
         C:\Program Files (x86)\Microsoft Visual Studio 10.0\VC\bin\CL.exe /c /ZI /nologo /W3 /WX- /Od /Oy- /D WIN32 /D _DEBUG /D _CONSOLE /D _UNICODE /D UNICODE /Gm /EHsc /RTC1 /MDd /GS /fp:precise /Zc:wchar_t /Zc:forScope /Fo"Debug\\" /Fd"Debug\vc100.pdb" /Gd /TC /analyze- /errorReport:prompt "실습 연습.c"
         실습 연습.c
     1>c:\users\은숙\documents\visual studio 2010\projects\13장 실습\13장 실습\실습 연습.c(11): warning C4305: '초기화 중' : 'int'에서 'char'(으)로 잘립니다.
     1>c:\users\은숙\documents\visual studio 2010\projects\13장 실습\13장 실습\실습 연습.c(19): warning C4996: 'scanf': This function or variable may be unsafe. Consider using scanf_s instead. To disable deprecation, use _CRT_SECURE_NO_WARNINGS. See online help for details.
                 c:\program files (x86)\microsoft visual studio 10.0\vc\include\stdio.h(304) : 'scanf' 선언을 참조하십시오.
     1>c:\users\은숙\documents\visual studio 2010\projects\13장 실습\13장 실습\실습 연습.c(21): warning C4996: 'strcpy': This function or variable may be unsafe. Consider using strcpy_s instead. To disable deprecation, use _CRT_SECURE_NO_WARNINGS. See online help for details.
                 c:\program files (x86)\microsoft visual studio 10.0\vc\include\string.h(105) : 'strcpy' 선언을 참조하십시오.
     1>c:\users\은숙\documents\visual studio 2010\projects\13장 실습\13장 실습\실습 연습.c(23): warning C4996: 'scanf': This function or variable may be unsafe. Consider using scanf_s instead. To disable deprecation, use _CRT_SECURE_NO_WARNINGS. See online help for details.
                 c:\program files (x86)\microsoft visual studio 10.0\vc\include\stdio.h(304) : 'scanf' 선언을 참조하십시오.
     1>c:\users\은숙\documents\visual studio 2010\projects\13장 실습\13장 실습\실습 연습.c(25): warning C4996: 'strcpy': This function or variable may be unsafe. Consider using strcpy_s instead. To disable deprecation, use _CRT_SECURE_NO_WARNINGS. See online help for details.
                 c:\program files (x86)\microsoft visual studio 10.0\vc\include\string.h(105) : 'strcpy' 선언을 참조하십시오.
     1>c:\users\은숙\documents\visual studio 2010\projects\13장 실습\13장 실습\실습 연습.c(27): warning C4996: 'scanf': This function or variable may be unsafe. Consider using scanf_s instead. To disable deprecation, use _CRT_SECURE_NO_WARNINGS. See online help for details.
                 c:\program files (x86)\microsoft visual studio 10.0\vc\include\stdio.h(304) : 'scanf' 선언을 참조하십시오.
     1>c:\users\은숙\documents\visual studio 2010\projects\13장 실습\13장 실습\실습 연습.c(29): warning C4996: 'strcpy': This function or variable may be unsafe. Consider using strcpy_s instead. To disable deprecation, use _CRT_SECURE_NO_WARNINGS. See online help for details.
                 c:\program files (x86)\microsoft visual studio 10.0\vc\include\string.h(105) : 'strcpy' 선언을 참조하십시오.
     1>c:\users\은숙\documents\visual studio 2010\projects\13장 실습\13장 실습\실습 연습.c(65): warning C4305: '초기화 중' : 'int'에서 'char'(으)로 잘립니다.
     1>c:\users\은숙\documents\visual studio 2010\projects\13장 실습\13장 실습\실습 연습.c(73): warning C4996: 'scanf': This function or variable may be unsafe. Consider using scanf_s instead. To disable deprecation, use _CRT_SECURE_NO_WARNINGS. See online help for details.
                 c:\program files (x86)\microsoft visual studio 10.0\vc\include\stdio.h(304) : 'scanf' 선언을 참조하십시오.
     1>c:\users\은숙\documents\visual studio 2010\projects\13장 실습\13장 실습\실습 연습.c(64): warning C4101: 'sav' :참조되지 않은 지역 변수입니다.
     1>c:\users\은숙\documents\visual studio 2010\projects\13장 실습\13장 실습\실습 연습.c(106): warning C4996: 'scanf': This function or variable may be unsafe. Consider using scanf_s instead. To disable deprecation, use _CRT_SECURE_NO_WARNINGS. See online help for details.
                 c:\program files (x86)\microsoft visual studio 10.0\vc\include\stdio.h(304) : 'scanf' 선언을 참조하십시오.
     1>c:\users\은숙\documents\visual studio 2010\projects\13장 실습\13장 실습\실습 연습.c(129): warning C4047: '초기화 중' : 'char'의 간접 참조 수준이 'void *'과(와) 다릅니다.
     1>c:\users\은숙\documents\visual studio 2010\projects\13장 실습\13장 실습\실습 연습.c(132): warning C4996: 'fopen': This function or variable may be unsafe. Consider using fopen_s instead. To disable deprecation, use _CRT_SECURE_NO_WARNINGS. See online help for details.
                 c:\program files (x86)\microsoft visual studio 10.0\vc\include\stdio.h(234) : 'fopen' 선언을 참조하십시오.
     1>c:\users\은숙\documents\visual studio 2010\projects\13장 실습\13장 실습\실습 연습.c(136): warning C4996: 'fscanf': This function or variable may be unsafe. Consider using fscanf_s instead. To disable deprecation, use _CRT_SECURE_NO_WARNINGS. See online help for details.
                 c:\program files (x86)\microsoft visual studio 10.0\vc\include\stdio.h(253) : 'fscanf' 선언을 참조하십시오.
     1>c:\users\은숙\documents\visual studio 2010\projects\13장 실습\13장 실습\실습 연습.c(140): warning C4996: 'strcpy': This function or variable may be unsafe. Consider using strcpy_s instead. To disable deprecation, use _CRT_SECURE_NO_WARNINGS. See online help for details.
                 c:\program files (x86)\microsoft visual studio 10.0\vc\include\string.h(105) : 'strcpy' 선언을 참조하십시오.
     1>c:\users\은숙\documents\visual studio 2010\projects\13장 실습\13장 실습\실습 연습.c(142): warning C4996: 'strcpy': This function or variable may be unsafe. Consider using strcpy_s instead. To disable deprecation, use _CRT_SECURE_NO_WARNINGS. See online help for details.
                 c:\program files (x86)\microsoft visual studio 10.0\vc\include\string.h(105) : 'strcpy' 선언을 참조하십시오.
     1>c:\users\은숙\documents\visual studio 2010\projects\13장 실습\13장 실습\실습 연습.c(144): warning C4996: 'strcpy': This function or variable may be unsafe. Consider using strcpy_s instead. To disable deprecation, use _CRT_SECURE_NO_WARNINGS. See online help for details.
                 c:\program files (x86)\microsoft visual studio 10.0\vc\include\string.h(105) : 'strcpy' 선언을 참조하십시오.
     1>c:\users\은숙\documents\visual studio 2010\projects\13장 실습\13장 실습\실습 연습.c(183): warning C4996: 'scanf': This function or variable may be unsafe. Consider using scanf_s instead. To disable deprecation, use _CRT_SECURE_NO_WARNINGS. See online help for details.
                 c:\program files (x86)\microsoft visual studio 10.0\vc\include\stdio.h(304) : 'scanf' 선언을 참조하십시오.
     1>c:\users\은숙\documents\visual studio 2010\projects\13장 실습\13장 실습\실습 연습.c(187): warning C4047: '=' : 'char'의 간접 참조 수준이 'void *'과(와) 다릅니다.
     1>c:\users\은숙\documents\visual studio 2010\projects\13장 실습\13장 실습\실습 연습.c(198): warning C4996: 'strcat': This function or variable may be unsafe. Consider using strcat_s instead. To disable deprecation, use _CRT_SECURE_NO_WARNINGS. See online help for details.
                 c:\program files (x86)\microsoft visual studio 10.0\vc\include\string.h(110) : 'strcat' 선언을 참조하십시오.
     1>c:\users\은숙\documents\visual studio 2010\projects\13장 실습\13장 실습\실습 연습.c(204): warning C4996: 'strcat': This function or variable may be unsafe. Consider using strcat_s instead. To disable deprecation, use _CRT_SECURE_NO_WARNINGS. See online help for details.
                 c:\program files (x86)\microsoft visual studio 10.0\vc\include\string.h(110) : 'strcat' 선언을 참조하십시오.
     1>c:\users\은숙\documents\visual studio 2010\projects\13장 실습\13장 실습\실습 연습.c(207): warning C4018: '<' : signed 또는 unsigned가 일치하지 않습니다.
     1>c:\users\은숙\documents\visual studio 2010\projects\13장 실습\13장 실습\실습 연습.c(228): warning C4996: 'fopen': This function or variable may be unsafe. Consider using fopen_s instead. To disable deprecation, use _CRT_SECURE_NO_WARNINGS. See online help for details.
                 c:\program files (x86)\microsoft visual studio 10.0\vc\include\stdio.h(234) : 'fopen' 선언을 참조하십시오.
     1>c:\users\은숙\documents\visual studio 2010\projects\13장 실습\13장 실습\실습 연습.c(253): warning C4996: 'scanf': This function or variable may be unsafe. Consider using scanf_s instead. To disable deprecation, use _CRT_SECURE_NO_WARNINGS. See online help for details.
                 c:\program files (x86)\microsoft visual studio 10.0\vc\include\stdio.h(304) : 'scanf' 선언을 참조하십시오.
     1>c:\users\은숙\documents\visual studio 2010\projects\13장 실습\13장 실습\실습 연습.c(259): warning C4996: 'scanf': This function or variable may be unsafe. Consider using scanf_s instead. To disable deprecation, use _CRT_SECURE_NO_WARNINGS. See online help for details.
                 c:\program files (x86)\microsoft visual studio 10.0\vc\include\stdio.h(304) : 'scanf' 선언을 참조하십시오.
     1>c:\users\은숙\documents\visual studio 2010\projects\13장 실습\13장 실습\실습 연습.c(248): warning C4101: 'i' :참조되지 않은 지역 변수입니다.
       ManifestResourceCompile:
         모든 출력이 최신 상태입니다.
       Link:
         C:\Program Files (x86)\Microsoft Visual Studio 10.0\VC\bin\link.exe /ERRORREPORT:PROMPT /OUT:"c:\users\은숙\documents\visual studio 2010\Projects\13장 실습\Debug\13장 실습.exe" /INCREMENTAL /NOLOGO kernel32.lib user32.lib gdi32.lib winspool.lib comdlg32.lib advapi32.lib shell32.lib ole32.lib oleaut32.lib uuid.lib odbc32.lib odbccp32.lib /MANIFEST /ManifestFile:"Debug\13장 실습.exe.intermediate.manifest" /MANIFESTUAC:"level='asInvoker' uiAccess='false'" /DEBUG /PDB:"c:\users\은숙\documents\visual studio 2010\Projects\13장 실습\Debug\13장 실습.pdb" /SUBSYSTEM:CONSOLE /TLBID:1 /DYNAMICBASE /NXCOMPAT /IMPLIB:"c:\users\은숙\documents\visual studio 2010\Projects\13장 실습\Debug\13장 실습.lib" /MACHINE:X86 "Debug\13장 실습.exe.embed.manifest.res"
         "Debug\실습 연습.obj"
       Manifest:
         C:\Program Files (x86)\Microsoft SDKs\Windows\v7.0A\bin\mt.exe /nologo /verbose /out:"Debug\13장 실습.exe.embed.manifest" /manifest "Debug\13장 실습.exe.intermediate.manifest"
         모든 출력이 최신 상태입니다.
       LinkEmbedManifest:
         모든 출력이 최신 상태입니다.
         13장 실습.vcxproj -> c:\users\은숙\documents\visual studio 2010\Projects\13장 실습\Debug\13장 실습.exe
       FinalizeBuildStatus:
         "Debug\13장 실습.unsuccessfulbuild" 파일을 삭제하고 있습니다.
         "Debug\13장 실습.lastbuildstate"에 연결(touching)하고 있습니다.
     1>"c:\Users\은숙\documents\visual studio 2010\Projects\13장 실습\13장 실습\13장 실습.vcxproj" 프로젝트를 빌드했습니다(build 대상).

빌드했습니다.

경과 시간: 00:00:01.62
