빌드 시작: 2016-05-15 오후 10:48:07
     1>2 노드의 "c:\Users\은숙\documents\visual studio 2010\Projects\take home4\take home4\take home4.vcxproj" 프로젝트(build 대상)입니다.
     1>InitializeBuildStatus:
         "AlwaysCreate"이(가) 지정되었기 때문에 "Debug\take home4.unsuccessfulbuild"을(를) 만들고 있습니다.
       ClCompile:
         C:\Program Files (x86)\Microsoft Visual Studio 10.0\VC\bin\CL.exe /c /ZI /nologo /W3 /WX- /Od /Oy- /D WIN32 /D _DEBUG /D _CONSOLE /D _UNICODE /D UNICODE /Gm /EHsc /RTC1 /MDd /GS /fp:precise /Zc:wchar_t /Zc:forScope /Fo"Debug\\" /Fd"Debug\vc100.pdb" /Gd /TC /analyze- /errorReport:prompt "take home4.c"
         take home4.c
     1>c:\users\은숙\documents\visual studio 2010\projects\take home4\take home4\take home4.c(11): warning C4996: 'scanf': This function or variable may be unsafe. Consider using scanf_s instead. To disable deprecation, use _CRT_SECURE_NO_WARNINGS. See online help for details.
                 c:\program files (x86)\microsoft visual studio 10.0\vc\include\stdio.h(304) : 'scanf' 선언을 참조하십시오.
     1>c:\users\은숙\documents\visual studio 2010\projects\take home4\take home4\take home4.c(13): warning C4996: 'scanf': This function or variable may be unsafe. Consider using scanf_s instead. To disable deprecation, use _CRT_SECURE_NO_WARNINGS. See online help for details.
                 c:\program files (x86)\microsoft visual studio 10.0\vc\include\stdio.h(304) : 'scanf' 선언을 참조하십시오.
     1>c:\users\은숙\documents\visual studio 2010\projects\take home4\take home4\take home4.c(37): warning C4996: 'scanf': This function or variable may be unsafe. Consider using scanf_s instead. To disable deprecation, use _CRT_SECURE_NO_WARNINGS. See online help for details.
                 c:\program files (x86)\microsoft visual studio 10.0\vc\include\stdio.h(304) : 'scanf' 선언을 참조하십시오.
     1>c:\users\은숙\documents\visual studio 2010\projects\take home4\take home4\take home4.c(70): warning C4996: 'scanf': This function or variable may be unsafe. Consider using scanf_s instead. To disable deprecation, use _CRT_SECURE_NO_WARNINGS. See online help for details.
                 c:\program files (x86)\microsoft visual studio 10.0\vc\include\stdio.h(304) : 'scanf' 선언을 참조하십시오.
     1>c:\users\은숙\documents\visual studio 2010\projects\take home4\take home4\take home4.c(107): warning C4996: 'scanf': This function or variable may be unsafe. Consider using scanf_s instead. To disable deprecation, use _CRT_SECURE_NO_WARNINGS. See online help for details.
                 c:\program files (x86)\microsoft visual studio 10.0\vc\include\stdio.h(304) : 'scanf' 선언을 참조하십시오.
     1>c:\users\은숙\documents\visual studio 2010\projects\take home4\take home4\take home4.c(108): warning C4996: 'scanf': This function or variable may be unsafe. Consider using scanf_s instead. To disable deprecation, use _CRT_SECURE_NO_WARNINGS. See online help for details.
                 c:\program files (x86)\microsoft visual studio 10.0\vc\include\stdio.h(304) : 'scanf' 선언을 참조하십시오.
     1>c:\users\은숙\documents\visual studio 2010\projects\take home4\take home4\take home4.c(154): warning C4996: 'scanf': This function or variable may be unsafe. Consider using scanf_s instead. To disable deprecation, use _CRT_SECURE_NO_WARNINGS. See online help for details.
                 c:\program files (x86)\microsoft visual studio 10.0\vc\include\stdio.h(304) : 'scanf' 선언을 참조하십시오.
     1>c:\users\은숙\documents\visual studio 2010\projects\take home4\take home4\take home4.c(79): warning C4716: 'main3' : 값을 반환해야 합니다.
     1>c:\users\은숙\documents\visual studio 2010\projects\take home4\take home4\take home4.c(99): warning C4715: 'days_in_month' : 모든 제어 경로에서 값을 반환하지는 않습니다.
     1>c:\users\은숙\documents\visual studio 2010\projects\take home4\take home4\take home4.c(151): warning C4716: 'main4' : 값을 반환해야 합니다.
       ManifestResourceCompile:
         모든 출력이 최신 상태입니다.
       Link:
         C:\Program Files (x86)\Microsoft Visual Studio 10.0\VC\bin\link.exe /ERRORREPORT:PROMPT /OUT:"c:\users\은숙\documents\visual studio 2010\Projects\take home4\Debug\take home4.exe" /INCREMENTAL /NOLOGO kernel32.lib user32.lib gdi32.lib winspool.lib comdlg32.lib advapi32.lib shell32.lib ole32.lib oleaut32.lib uuid.lib odbc32.lib odbccp32.lib /MANIFEST /ManifestFile:"Debug\take home4.exe.intermediate.manifest" /MANIFESTUAC:"level='asInvoker' uiAccess='false'" /DEBUG /PDB:"c:\users\은숙\documents\visual studio 2010\Projects\take home4\Debug\take home4.pdb" /SUBSYSTEM:CONSOLE /TLBID:1 /DYNAMICBASE /NXCOMPAT /IMPLIB:"c:\users\은숙\documents\visual studio 2010\Projects\take home4\Debug\take home4.lib" /MACHINE:X86 "Debug\take home4.exe.embed.manifest.res"
         "Debug\take home4.obj"
       Manifest:
         C:\Program Files (x86)\Microsoft SDKs\Windows\v7.0A\bin\mt.exe /nologo /verbose /out:"Debug\take home4.exe.embed.manifest" /manifest "Debug\take home4.exe.intermediate.manifest"
         모든 출력이 최신 상태입니다.
       LinkEmbedManifest:
         모든 출력이 최신 상태입니다.
         take home4.vcxproj -> c:\users\은숙\documents\visual studio 2010\Projects\take home4\Debug\take home4.exe
       FinalizeBuildStatus:
         "Debug\take home4.unsuccessfulbuild" 파일을 삭제하고 있습니다.
         "Debug\take home4.lastbuildstate"에 연결(touching)하고 있습니다.
     1>"c:\Users\은숙\documents\visual studio 2010\Projects\take home4\take home4\take home4.vcxproj" 프로젝트를 빌드했습니다(build 대상).

빌드했습니다.

경과 시간: 00:00:00.72
